#
# A fatal error has been detected by the Java Runtime Environment:
#
#  EXCEPTION_ACCESS_VIOLATION (0xc0000005) at pc=0x00007ffda394fa16, pid=20036, tid=26592
#
# JRE version: OpenJDK Runtime Environment (11.0.7+10) (build 11.0.7+10)
# Java VM: OpenJDK 64-Bit Server VM (11.0.7+10, mixed mode, tiered, compressed oops, g1 gc, windows-amd64)
# Problematic frame:
# C  [awt.dll+0x8fa16]
#
# No core dump will be written. Minidumps are not enabled by default on client versions of Windows
#
# If you would like to submit a bug report, please visit:
#   https://github.com/AdoptOpenJDK/openjdk-support/issues
# The crash happened outside the Java Virtual Machine in native code.
# See problematic frame for where to report the bug.
#

---------------  S U M M A R Y ------------

Command Line: -agentlib:jdwp=transport=dt_socket,suspend=y,address=localhost:50675 -javaagent:C:\eclipse\configuration\org.eclipse.osgi\222\0\.cp\lib\javaagent-shaded.jar -Dfile.encoding=UTF-8 project.Main

Host: Intel(R) Core(TM) i5-3570K CPU @ 3.40GHz, 4 cores, 15G,  Windows 10 , 64 bit Build 18362 (10.0.18362.959)
Time: Thu Aug 13 11:38:05 2020 ???? (?W?€??) elapsed time: 0 seconds (0d 0h 0m 0s)

---------------  T H R E A D  ---------------

Current thread (0x000001cb7f891800):  JavaThread "main" [_thread_in_native, id=26592, stack(0x0000007610c00000,0x0000007610d00000)]

Stack: [0x0000007610c00000,0x0000007610d00000],  sp=0x0000007610cfe910,  free space=1018k
Native frames: (J=compiled Java code, j=interpreted, Vv=VM code, C=native code)
C  [awt.dll+0x8fa16]

Java frames: (J=compiled Java code, j=interpreted, Vv=VM code)
j  sun.awt.windows.WComponentPeer._setFont(Ljava/awt/Font;)V+0 java.desktop@11.0.7
j  sun.awt.windows.WComponentPeer.setFont(Ljava/awt/Font;)V+7 java.desktop@11.0.7
j  sun.awt.windows.WWindowPeer.initialize()V+42 java.desktop@11.0.7
j  sun.awt.windows.WFramePeer.initialize()V+1 java.desktop@11.0.7
j  sun.awt.windows.WComponentPeer.<init>(Ljava/awt/Component;)V+83 java.desktop@11.0.7
j  sun.awt.windows.WCanvasPeer.<init>(Ljava/awt/Component;)V+2 java.desktop@11.0.7
j  sun.awt.windows.WPanelPeer.<init>(Ljava/awt/Component;)V+2 java.desktop@11.0.7
j  sun.awt.windows.WWindowPeer.<init>(Ljava/awt/Window;)V+2 java.desktop@11.0.7
j  sun.awt.windows.WFramePeer.<init>(Ljava/awt/Frame;)V+2 java.desktop@11.0.7
j  sun.awt.windows.WToolkit.createFrame(Ljava/awt/Frame;)Ljava/awt/peer/FramePeer;+5 java.desktop@11.0.7
j  java.awt.Frame.addNotify()V+20 java.desktop@11.0.7
j  java.awt.Window.show()V+8 java.desktop@11.0.7
j  java.awt.Component.show(Z)V+5 java.desktop@11.0.7
j  java.awt.Component.setVisible(Z)V+2 java.desktop@11.0.7
j  java.awt.Window.setVisible(Z)V+2 java.desktop@11.0.7
j  project.DFrame.<init>()V+625
j  project.Main.main([Ljava/lang/String;)V+4
v  ~StubRoutines::call_stub

siginfo: EXCEPTION_ACCESS_VIOLATION (0xc0000005), reading address 0x0000000000000058


Register to memory mapping:

RIP=0x00007ffda394fa16 awt.dll
RAX=0x00007ffda39cb680 awt.dll
RBX=0x000001cb7f891b40 points into unknown readable memory: 00 bc 75 4c fd 7f 00 00
RCX=0x000001cb25184810 points into unknown readable memory: 80 b6 9c a3 fd 7f 00 00
RDX=0x0 is NULL
RSP=0x0000007610cfe910 is pointing into the stack for thread: 0x000001cb7f891800
RBP=0x0 is NULL
RSI=0x000001cb27a21b30 is a global jni handle
RDI=0x000001cb27a21b38 is a global jni handle
R8 =0x0000000000000004 is an unknown value
R9 =0x00000008000faf68 is a pointer to class: 
java.awt.Font {0x00000008000faf70}
R10=0x0000000000008000 is an unknown value
R11=0x0000007610cfe910 is pointing into the stack for thread: 0x000001cb7f891800
R12=0x0 is NULL
R13={method} {0x000001cb25933e00} '_setFont' '(Ljava/awt/Font;)V' in 'sun/awt/windows/WComponentPeer'
R14=0x000001cb25184810 points into unknown readable memory: 80 b6 9c a3 fd 7f 00 00
R15=0x000001cb24fba300 points into unknown readable memory: 30 1b a2 27 cb 01 00 00


Registers:
RAX=0x00007ffda39cb680, RBX=0x000001cb7f891b40, RCX=0x000001cb25184810, RDX=0x0000000000000000
RSP=0x0000007610cfe910, RBP=0x0000000000000000, RSI=0x000001cb27a21b30, RDI=0x000001cb27a21b38
R8 =0x0000000000000004, R9 =0x00000008000faf68, R10=0x0000000000008000, R11=0x0000007610cfe910
R12=0x0000000000000000, R13=0x000001cb25933df8, R14=0x000001cb25184810, R15=0x000001cb24fba300
RIP=0x00007ffda394fa16, EFLAGS=0x0000000000010202

Top of Stack: (sp=0x0000007610cfe910)
0x0000007610cfe910:   000001cb24fba300 000001cb25184810
0x0000007610cfe920:   000001cb24fba300 000001cb25184810
0x0000007610cfe930:   000001cb27a21b38 00007ffda3954921
0x0000007610cfe940:   000001cb7f891b40 000001cb7f891b40
0x0000007610cfe950:   0000000000000000 000001cb27a21b30
0x0000007610cfe960:   000001cb7f891800 0000007610cfeab8
0x0000007610cfe970:   000001cb24fba300 00007ffda398dbcb
0x0000007610cfe980:   00007ffda3a11078 0000007610cfea90
0x0000007610cfe990:   00007ffda39547f4 0000000000000000
0x0000007610cfe9a0:   fffffffffffffffe fffffffffffffffe
0x0000007610cfe9b0:   000001cb27a21b30 00007ffda3955ae8
0x0000007610cfe9c0:   000001cb27a21b38 0000007610cfeab0
0x0000007610cfe9d0:   0000007610cfeab0 00007ffda3a11078
0x0000007610cfe9e0:   fffffffffffffffe 00007ffd4c12f6ac
0x0000007610cfe9f0:   000001cb099ac9ac 000001cb099b72a6
0x0000007610cfea00:   000001cb25933df8 00000000000002f8 

Instructions: (pc=0x00007ffda394fa16)
0x00007ffda394f916:   00 48 8b d9 e8 d9 dc ff ff 48 8b f8 48 85 c0 75
0x00007ffda394f926:   04 48 8b 7b 48 48 8b cf e8 50 19 05 00 48 8b d8
0x00007ffda394f936:   48 85 c0 74 60 83 64 24 20 00 0f 57 c0 83 64 24
0x00007ffda394f946:   34 00 b9 11 00 00 00 83 64 24 38 00 f3 0f 7f 44
0x00007ffda394f956:   24 24 ff 15 da d9 0b 00 4c 8d 44 24 40 ba 5c 00
0x00007ffda394f966:   00 00 48 8b c8 ff 15 7f dc 0b 00 83 f8 5c 75 0d
0x00007ffda394f976:   48 8d 54 24 40 48 8b cb e8 af 19 05 00 48 8d 54
0x00007ffda394f986:   24 20 48 8b cb e8 c6 19 05 00 48 8b d3 48 8b cf
0x00007ffda394f996:   e8 73 19 05 00 48 8b 8c 24 a0 00 00 00 48 33 cc
0x00007ffda394f9a6:   e8 a5 26 05 00 48 8b 9c 24 c8 00 00 00 48 81 c4
0x00007ffda394f9b6:   b0 00 00 00 5f c3 40 53 48 83 ec 20 48 8b d9 ff
0x00007ffda394f9c6:   15 bd e1 0b 00 48 85 c0 75 0a 48 8b 4b 48 ff 15
0x00007ffda394f9d6:   a6 e1 0b 00 48 83 c4 20 5b c3 4c 63 c2 48 8b 15
0x00007ffda394f9e6:   5e c5 0b 00 48 ff 25 37 e0 0b 00 cc cc cc 48 8b
0x00007ffda394f9f6:   d1 48 8b 0d 82 f5 0b 00 48 89 15 7b f5 0b 00 e9
0x00007ffda394fa06:   5a 67 04 00 cc cc 48 89 5c 24 08 57 48 83 ec 20
0x00007ffda394fa16:   83 7a 58 00 48 8b da 48 8b f9 7d 08 48 8b ca e8
0x00007ffda394fa26:   32 95 01 00 4c 8b 43 48 45 33 c9 48 8b 4f 48 4d
0x00007ffda394fa36:   8b 00 41 8d 51 30 ff 15 ae e2 0b 00 48 8b 4f 48
0x00007ffda394fa46:   33 d2 44 8d 42 01 48 8b 5c 24 30 48 83 c4 20 5f
0x00007ffda394fa56:   48 ff 25 4b e1 0b 00 cc cc cc 48 8b c4 48 89 58
0x00007ffda394fa66:   08 48 89 68 10 48 89 70 18 48 89 78 20 41 56 48
0x00007ffda394fa76:   83 ec 20 4c 8b f2 48 8b f9 48 8b 0d f2 13 0c 00
0x00007ffda394fa86:   ba 02 00 01 00 41 8b e8 e8 c0 24 05 00 48 8b 97
0x00007ffda394fa96:   c0 00 00 00 33 db 48 8b f0 48 85 d2 74 0d 4c 8b
0x00007ffda394faa6:   08 48 8b c8 41 ff 91 b0 00 00 00 4d 85 f6 74 14
0x00007ffda394fab6:   48 8b 06 49 8b d6 48 8b ce ff 90 a8 00 00 00 48
0x00007ffda394fac6:   8b d8 eb 05 bd 01 00 00 00 48 89 9f c0 00 00 00
0x00007ffda394fad6:   89 af c8 00 00 00 48 8b 5c 24 30 48 8b 6c 24 38
0x00007ffda394fae6:   48 8b 74 24 40 48 8b 7c 24 48 48 83 c4 20 41 5e
0x00007ffda394faf6:   c3 cc 48 89 5c 24 08 48 89 6c 24 10 48 89 74 24
0x00007ffda394fb06:   18 57 48 83 ec 20 33 db 48 8b f9 48 85 c9 75 09 


Stack slot to memory mapping:
stack at sp + 0 slots: 0x000001cb24fba300 points into unknown readable memory: 30 1b a2 27 cb 01 00 00
stack at sp + 1 slots: 0x000001cb25184810 points into unknown readable memory: 80 b6 9c a3 fd 7f 00 00
stack at sp + 2 slots: 0x000001cb24fba300 points into unknown readable memory: 30 1b a2 27 cb 01 00 00
stack at sp + 3 slots: 0x000001cb25184810 points into unknown readable memory: 80 b6 9c a3 fd 7f 00 00
stack at sp + 4 slots: 0x000001cb27a21b38 is a global jni handle
stack at sp + 5 slots: 0x00007ffda3954921 awt.dll
stack at sp + 6 slots: 0x000001cb7f891b40 points into unknown readable memory: 00 bc 75 4c fd 7f 00 00
stack at sp + 7 slots: 0x000001cb7f891b40 points into unknown readable memory: 00 bc 75 4c fd 7f 00 00


---------------  P R O C E S S  ---------------

Threads class SMR info:
_java_thread_list=0x000001cb253a3510, length=20, elements={
0x000001cb7f891800, 0x000001cb7fe6f800, 0x000001cb7fe7a800, 0x000001cb249b5800,
0x000001cb7fe85800, 0x000001cb249be000, 0x000001cb249c1000, 0x000001cb249f1800,
0x000001cb24940800, 0x000001cb24ded800, 0x000001cb24bf3800, 0x000001cb24bf5000,
0x000001cb24caf000, 0x000001cb25174800, 0x000001cb25175000, 0x000001cb25045800,
0x000001cb25127000, 0x000001cb253c2800, 0x000001cb2732c000, 0x000001cb25184000
}

Java Threads: ( => current thread )
=>0x000001cb7f891800 JavaThread "main" [_thread_in_native, id=26592, stack(0x0000007610c00000,0x0000007610d00000)]
  0x000001cb7fe6f800 JavaThread "Reference Handler" daemon [_thread_blocked, id=18040, stack(0x0000007611300000,0x0000007611400000)]
  0x000001cb7fe7a800 JavaThread "Finalizer" daemon [_thread_blocked, id=3600, stack(0x0000007611400000,0x0000007611500000)]
  0x000001cb249b5800 JavaThread "Signal Dispatcher" daemon [_thread_blocked, id=18844, stack(0x0000007611500000,0x0000007611600000)]
  0x000001cb7fe85800 JavaThread "Attach Listener" daemon [_thread_blocked, id=26540, stack(0x0000007611600000,0x0000007611700000)]
  0x000001cb249be000 JavaThread "C2 CompilerThread0" daemon [_thread_blocked, id=3860, stack(0x0000007611700000,0x0000007611800000)]
  0x000001cb249c1000 JavaThread "C1 CompilerThread0" daemon [_thread_blocked, id=12152, stack(0x0000007611800000,0x0000007611900000)]
  0x000001cb249f1800 JavaThread "Sweeper thread" daemon [_thread_blocked, id=1220, stack(0x0000007611900000,0x0000007611a00000)]
  0x000001cb24940800 JavaThread "Common-Cleaner" daemon [_thread_blocked, id=23836, stack(0x0000007611a00000,0x0000007611b00000)]
  0x000001cb24ded800 JavaThread "JDWP Transport Listener: dt_socket" daemon [_thread_blocked, id=25608, stack(0x0000007611b00000,0x0000007611c00000)]
  0x000001cb24bf3800 JavaThread "JDWP Event Helper Thread" daemon [_thread_blocked, id=10644, stack(0x0000007611c00000,0x0000007611d00000)]
  0x000001cb24bf5000 JavaThread "JDWP Command Reader" daemon [_thread_in_native, id=8348, stack(0x0000007611d00000,0x0000007611e00000)]
  0x000001cb24caf000 JavaThread "Service Thread" daemon [_thread_blocked, id=25084, stack(0x0000007611e00000,0x0000007611f00000)]
  0x000001cb25174800 JavaThread "Java2D Disposer" daemon [_thread_blocked, id=19592, stack(0x0000007612000000,0x0000007612100000)]
  0x000001cb25175000 JavaThread "AWT-Shutdown" [_thread_blocked, id=23280, stack(0x0000007612100000,0x0000007612200000)]
  0x000001cb25045800 JavaThread "AWT-Windows" daemon [_thread_in_native, id=8364, stack(0x0000007612200000,0x0000007612300000)]
  0x000001cb25127000 JavaThread "C2 CompilerThread1" daemon [_thread_blocked, id=16244, stack(0x0000007612300000,0x0000007612400000)]
  0x000001cb253c2800 JavaThread "Thread-0" [_thread_blocked, id=23868, stack(0x0000007612400000,0x0000007612500000)]
  0x000001cb2732c000 JavaThread "Image Fetcher 0" daemon [_thread_blocked, id=23988, stack(0x0000007612500000,0x0000007612600000)]
  0x000001cb25184000 JavaThread "AWT-EventQueue-0" [_thread_blocked, id=10800, stack(0x0000007612900000,0x0000007612a00000)]

Other Threads:
  0x000001cb7fe6b000 VMThread "VM Thread" [stack: 0x0000007611200000,0x0000007611300000] [id=27120]
  0x000001cb24c46000 WatcherThread [stack: 0x0000007611f00000,0x0000007612000000] [id=16852]
  0x000001cb7f8ab800 GCTaskThread "GC Thread#0" [stack: 0x0000007610d00000,0x0000007610e00000] [id=21420]
  0x000001cb2502b800 GCTaskThread "GC Thread#1" [stack: 0x0000007612600000,0x0000007612700000] [id=15692]
  0x000001cb24ff6800 GCTaskThread "GC Thread#2" [stack: 0x0000007612700000,0x0000007612800000] [id=11280]
  0x000001cb27a06800 GCTaskThread "GC Thread#3" [stack: 0x0000007612800000,0x0000007612900000] [id=16964]
  0x000001cb7f909000 ConcurrentGCThread "G1 Main Marker" [stack: 0x0000007610e00000,0x0000007610f00000] [id=23208]
  0x000001cb7f90b000 ConcurrentGCThread "G1 Conc#0" [stack: 0x0000007610f00000,0x0000007611000000] [id=18440]
  0x000001cb7fd58000 ConcurrentGCThread "G1 Refine#0" [stack: 0x0000007611000000,0x0000007611100000] [id=12396]
  0x000001cb7fd5a800 ConcurrentGCThread "G1 Young RemSet Sampling" [stack: 0x0000007611100000,0x0000007611200000] [id=18076]

Threads with active compile tasks:

VM state:not at safepoint (normal execution)

VM Mutex/Monitor currently owned by a thread: None

Heap address: 0x0000000701e00000, size: 4066 MB, Compressed Oops mode: Zero based, Oop shift amount: 3
Narrow klass base: 0x0000000800000000, Narrow klass shift: 0
Compressed class space size: 1073741824 Address: 0x0000000800000000

Heap:
 garbage-first heap   total 262144K, used 7502K [0x0000000701e00000, 0x0000000800000000)
  region size 1024K, 7 young (7168K), 2 survivors (2048K)
 Metaspace       used 16075K, capacity 16488K, committed 16768K, reserved 1064960K
  class space    used 1678K, capacity 1883K, committed 1920K, reserved 1048576K
Heap Regions: E=young(eden), S=young(survivor), O=old, HS=humongous(starts), HC=humongous(continues), CS=collection set, F=free, A=archive, TAMS=top-at-mark-start (previous, next)
|   0|0x0000000701e00000, 0x0000000701f00000, 0x0000000701f00000|100%|HS|  |TAMS 0x0000000701e00000, 0x0000000701e00000| Complete 
|   1|0x0000000701f00000, 0x0000000701f53a00, 0x0000000702000000| 32%| O|  |TAMS 0x0000000701f00000, 0x0000000701f00000| Untracked 
|   2|0x0000000702000000, 0x0000000702000000, 0x0000000702100000|  0%| F|  |TAMS 0x0000000702000000, 0x0000000702000000| Untracked 
|   3|0x0000000702100000, 0x0000000702100000, 0x0000000702200000|  0%| F|  |TAMS 0x0000000702100000, 0x0000000702100000| Untracked 
|   4|0x0000000702200000, 0x0000000702200000, 0x0000000702300000|  0%| F|  |TAMS 0x0000000702200000, 0x0000000702200000| Untracked 
|   5|0x0000000702300000, 0x0000000702300000, 0x0000000702400000|  0%| F|  |TAMS 0x0000000702300000, 0x0000000702300000| Untracked 
|   6|0x0000000702400000, 0x0000000702400000, 0x0000000702500000|  0%| F|  |TAMS 0x0000000702400000, 0x0000000702400000| Untracked 
|   7|0x0000000702500000, 0x0000000702500000, 0x0000000702600000|  0%| F|  |TAMS 0x0000000702500000, 0x0000000702500000| Untracked 
|   8|0x0000000702600000, 0x0000000702600000, 0x0000000702700000|  0%| F|  |TAMS 0x0000000702600000, 0x0000000702600000| Untracked 
|   9|0x0000000702700000, 0x0000000702700000, 0x0000000702800000|  0%| F|  |TAMS 0x0000000702700000, 0x0000000702700000| Untracked 
|  10|0x0000000702800000, 0x0000000702800000, 0x0000000702900000|  0%| F|  |TAMS 0x0000000702800000, 0x0000000702800000| Untracked 
|  11|0x0000000702900000, 0x0000000702900000, 0x0000000702a00000|  0%| F|  |TAMS 0x0000000702900000, 0x0000000702900000| Untracked 
|  12|0x0000000702a00000, 0x0000000702a00000, 0x0000000702b00000|  0%| F|  |TAMS 0x0000000702a00000, 0x0000000702a00000| Untracked 
|  13|0x0000000702b00000, 0x0000000702b00000, 0x0000000702c00000|  0%| F|  |TAMS 0x0000000702b00000, 0x0000000702b00000| Untracked 
|  14|0x0000000702c00000, 0x0000000702c00000, 0x0000000702d00000|  0%| F|  |TAMS 0x0000000702c00000, 0x0000000702c00000| Untracked 
|  15|0x0000000702d00000, 0x0000000702d00000, 0x0000000702e00000|  0%| F|  |TAMS 0x0000000702d00000, 0x0000000702d00000| Untracked 
|  16|0x0000000702e00000, 0x0000000702e00000, 0x0000000702f00000|  0%| F|  |TAMS 0x0000000702e00000, 0x0000000702e00000| Untracked 
|  17|0x0000000702f00000, 0x0000000702f00000, 0x0000000703000000|  0%| F|  |TAMS 0x0000000702f00000, 0x0000000702f00000| Untracked 
|  18|0x0000000703000000, 0x0000000703000000, 0x0000000703100000|  0%| F|  |TAMS 0x0000000703000000, 0x0000000703000000| Untracked 
|  19|0x0000000703100000, 0x0000000703100000, 0x0000000703200000|  0%| F|  |TAMS 0x0000000703100000, 0x0000000703100000| Untracked 
|  20|0x0000000703200000, 0x0000000703200000, 0x0000000703300000|  0%| F|  |TAMS 0x0000000703200000, 0x0000000703200000| Untracked 
|  21|0x0000000703300000, 0x0000000703300000, 0x0000000703400000|  0%| F|  |TAMS 0x0000000703300000, 0x0000000703300000| Untracked 
|  22|0x0000000703400000, 0x0000000703400000, 0x0000000703500000|  0%| F|  |TAMS 0x0000000703400000, 0x0000000703400000| Untracked 
|  23|0x0000000703500000, 0x0000000703500000, 0x0000000703600000|  0%| F|  |TAMS 0x0000000703500000, 0x0000000703500000| Untracked 
|  24|0x0000000703600000, 0x0000000703600000, 0x0000000703700000|  0%| F|  |TAMS 0x0000000703600000, 0x0000000703600000| Untracked 
|  25|0x0000000703700000, 0x0000000703700000, 0x0000000703800000|  0%| F|  |TAMS 0x0000000703700000, 0x0000000703700000| Untracked 
|  26|0x0000000703800000, 0x0000000703800000, 0x0000000703900000|  0%| F|  |TAMS 0x0000000703800000, 0x0000000703800000| Untracked 
|  27|0x0000000703900000, 0x0000000703900000, 0x0000000703a00000|  0%| F|  |TAMS 0x0000000703900000, 0x0000000703900000| Untracked 
|  28|0x0000000703a00000, 0x0000000703a00000, 0x0000000703b00000|  0%| F|  |TAMS 0x0000000703a00000, 0x0000000703a00000| Untracked 
|  29|0x0000000703b00000, 0x0000000703b00000, 0x0000000703c00000|  0%| F|  |TAMS 0x0000000703b00000, 0x0000000703b00000| Untracked 
|  30|0x0000000703c00000, 0x0000000703c00000, 0x0000000703d00000|  0%| F|  |TAMS 0x0000000703c00000, 0x0000000703c00000| Untracked 
|  31|0x0000000703d00000, 0x0000000703d00000, 0x0000000703e00000|  0%| F|  |TAMS 0x0000000703d00000, 0x0000000703d00000| Untracked 
|  32|0x0000000703e00000, 0x0000000703e00000, 0x0000000703f00000|  0%| F|  |TAMS 0x0000000703e00000, 0x0000000703e00000| Untracked 
|  33|0x0000000703f00000, 0x0000000703f00000, 0x0000000704000000|  0%| F|  |TAMS 0x0000000703f00000, 0x0000000703f00000| Untracked 
|  34|0x0000000704000000, 0x0000000704000000, 0x0000000704100000|  0%| F|  |TAMS 0x0000000704000000, 0x0000000704000000| Untracked 
|  35|0x0000000704100000, 0x0000000704100000, 0x0000000704200000|  0%| F|  |TAMS 0x0000000704100000, 0x0000000704100000| Untracked 
|  36|0x0000000704200000, 0x0000000704200000, 0x0000000704300000|  0%| F|  |TAMS 0x0000000704200000, 0x0000000704200000| Untracked 
|  37|0x0000000704300000, 0x0000000704300000, 0x0000000704400000|  0%| F|  |TAMS 0x0000000704300000, 0x0000000704300000| Untracked 
|  38|0x0000000704400000, 0x0000000704400000, 0x0000000704500000|  0%| F|  |TAMS 0x0000000704400000, 0x0000000704400000| Untracked 
|  39|0x0000000704500000, 0x0000000704500000, 0x0000000704600000|  0%| F|  |TAMS 0x0000000704500000, 0x0000000704500000| Untracked 
|  40|0x0000000704600000, 0x0000000704600000, 0x0000000704700000|  0%| F|  |TAMS 0x0000000704600000, 0x0000000704600000| Untracked 
|  41|0x0000000704700000, 0x0000000704700000, 0x0000000704800000|  0%| F|  |TAMS 0x0000000704700000, 0x0000000704700000| Untracked 
|  42|0x0000000704800000, 0x0000000704800000, 0x0000000704900000|  0%| F|  |TAMS 0x0000000704800000, 0x0000000704800000| Untracked 
|  43|0x0000000704900000, 0x0000000704900000, 0x0000000704a00000|  0%| F|  |TAMS 0x0000000704900000, 0x0000000704900000| Untracked 
|  44|0x0000000704a00000, 0x0000000704a00000, 0x0000000704b00000|  0%| F|  |TAMS 0x0000000704a00000, 0x0000000704a00000| Untracked 
|  45|0x0000000704b00000, 0x0000000704b00000, 0x0000000704c00000|  0%| F|  |TAMS 0x0000000704b00000, 0x0000000704b00000| Untracked 
|  46|0x0000000704c00000, 0x0000000704c00000, 0x0000000704d00000|  0%| F|  |TAMS 0x0000000704c00000, 0x0000000704c00000| Untracked 
|  47|0x0000000704d00000, 0x0000000704d00000, 0x0000000704e00000|  0%| F|  |TAMS 0x0000000704d00000, 0x0000000704d00000| Untracked 
|  48|0x0000000704e00000, 0x0000000704e00000, 0x0000000704f00000|  0%| F|  |TAMS 0x0000000704e00000, 0x0000000704e00000| Untracked 
|  49|0x0000000704f00000, 0x0000000704f00000, 0x0000000705000000|  0%| F|  |TAMS 0x0000000704f00000, 0x0000000704f00000| Untracked 
|  50|0x0000000705000000, 0x0000000705000000, 0x0000000705100000|  0%| F|  |TAMS 0x0000000705000000, 0x0000000705000000| Untracked 
|  51|0x0000000705100000, 0x0000000705100000, 0x0000000705200000|  0%| F|  |TAMS 0x0000000705100000, 0x0000000705100000| Untracked 
|  52|0x0000000705200000, 0x0000000705200000, 0x0000000705300000|  0%| F|  |TAMS 0x0000000705200000, 0x0000000705200000| Untracked 
|  53|0x0000000705300000, 0x0000000705300000, 0x0000000705400000|  0%| F|  |TAMS 0x0000000705300000, 0x0000000705300000| Untracked 
|  54|0x0000000705400000, 0x0000000705400000, 0x0000000705500000|  0%| F|  |TAMS 0x0000000705400000, 0x0000000705400000| Untracked 
|  55|0x0000000705500000, 0x0000000705500000, 0x0000000705600000|  0%| F|  |TAMS 0x0000000705500000, 0x0000000705500000| Untracked 
|  56|0x0000000705600000, 0x0000000705600000, 0x0000000705700000|  0%| F|  |TAMS 0x0000000705600000, 0x0000000705600000| Untracked 
|  57|0x0000000705700000, 0x0000000705700000, 0x0000000705800000|  0%| F|  |TAMS 0x0000000705700000, 0x0000000705700000| Untracked 
|  58|0x0000000705800000, 0x0000000705800000, 0x0000000705900000|  0%| F|  |TAMS 0x0000000705800000, 0x0000000705800000| Untracked 
|  59|0x0000000705900000, 0x0000000705900000, 0x0000000705a00000|  0%| F|  |TAMS 0x0000000705900000, 0x0000000705900000| Untracked 
|  60|0x0000000705a00000, 0x0000000705a00000, 0x0000000705b00000|  0%| F|  |TAMS 0x0000000705a00000, 0x0000000705a00000| Untracked 
|  61|0x0000000705b00000, 0x0000000705b00000, 0x0000000705c00000|  0%| F|  |TAMS 0x0000000705b00000, 0x0000000705b00000| Untracked 
|  62|0x0000000705c00000, 0x0000000705c00000, 0x0000000705d00000|  0%| F|  |TAMS 0x0000000705c00000, 0x0000000705c00000| Untracked 
|  63|0x0000000705d00000, 0x0000000705d00000, 0x0000000705e00000|  0%| F|  |TAMS 0x0000000705d00000, 0x0000000705d00000| Untracked 
|  64|0x0000000705e00000, 0x0000000705e00000, 0x0000000705f00000|  0%| F|  |TAMS 0x0000000705e00000, 0x0000000705e00000| Untracked 
|  65|0x0000000705f00000, 0x0000000705f00000, 0x0000000706000000|  0%| F|  |TAMS 0x0000000705f00000, 0x0000000705f00000| Untracked 
|  66|0x0000000706000000, 0x0000000706000000, 0x0000000706100000|  0%| F|  |TAMS 0x0000000706000000, 0x0000000706000000| Untracked 
|  67|0x0000000706100000, 0x0000000706100000, 0x0000000706200000|  0%| F|  |TAMS 0x0000000706100000, 0x0000000706100000| Untracked 
|  68|0x0000000706200000, 0x0000000706200000, 0x0000000706300000|  0%| F|  |TAMS 0x0000000706200000, 0x0000000706200000| Untracked 
|  69|0x0000000706300000, 0x0000000706300000, 0x0000000706400000|  0%| F|  |TAMS 0x0000000706300000, 0x0000000706300000| Untracked 
|  70|0x0000000706400000, 0x0000000706400000, 0x0000000706500000|  0%| F|  |TAMS 0x0000000706400000, 0x0000000706400000| Untracked 
|  71|0x0000000706500000, 0x0000000706500000, 0x0000000706600000|  0%| F|  |TAMS 0x0000000706500000, 0x0000000706500000| Untracked 
|  72|0x0000000706600000, 0x0000000706600000, 0x0000000706700000|  0%| F|  |TAMS 0x0000000706600000, 0x0000000706600000| Untracked 
|  73|0x0000000706700000, 0x0000000706700000, 0x0000000706800000|  0%| F|  |TAMS 0x0000000706700000, 0x0000000706700000| Untracked 
|  74|0x0000000706800000, 0x0000000706800000, 0x0000000706900000|  0%| F|  |TAMS 0x0000000706800000, 0x0000000706800000| Untracked 
|  75|0x0000000706900000, 0x0000000706900000, 0x0000000706a00000|  0%| F|  |TAMS 0x0000000706900000, 0x0000000706900000| Untracked 
|  76|0x0000000706a00000, 0x0000000706a00000, 0x0000000706b00000|  0%| F|  |TAMS 0x0000000706a00000, 0x0000000706a00000| Untracked 
|  77|0x0000000706b00000, 0x0000000706b00000, 0x0000000706c00000|  0%| F|  |TAMS 0x0000000706b00000, 0x0000000706b00000| Untracked 
|  78|0x0000000706c00000, 0x0000000706c00000, 0x0000000706d00000|  0%| F|  |TAMS 0x0000000706c00000, 0x0000000706c00000| Untracked 
|  79|0x0000000706d00000, 0x0000000706d00000, 0x0000000706e00000|  0%| F|  |TAMS 0x0000000706d00000, 0x0000000706d00000| Untracked 
|  80|0x0000000706e00000, 0x0000000706e00000, 0x0000000706f00000|  0%| F|  |TAMS 0x0000000706e00000, 0x0000000706e00000| Untracked 
|  81|0x0000000706f00000, 0x0000000706f00000, 0x0000000707000000|  0%| F|  |TAMS 0x0000000706f00000, 0x0000000706f00000| Untracked 
|  82|0x0000000707000000, 0x0000000707000000, 0x0000000707100000|  0%| F|  |TAMS 0x0000000707000000, 0x0000000707000000| Untracked 
|  83|0x0000000707100000, 0x0000000707100000, 0x0000000707200000|  0%| F|  |TAMS 0x0000000707100000, 0x0000000707100000| Untracked 
|  84|0x0000000707200000, 0x0000000707200000, 0x0000000707300000|  0%| F|  |TAMS 0x0000000707200000, 0x0000000707200000| Untracked 
|  85|0x0000000707300000, 0x0000000707300000, 0x0000000707400000|  0%| F|  |TAMS 0x0000000707300000, 0x0000000707300000| Untracked 
|  86|0x0000000707400000, 0x0000000707400000, 0x0000000707500000|  0%| F|  |TAMS 0x0000000707400000, 0x0000000707400000| Untracked 
|  87|0x0000000707500000, 0x0000000707500000, 0x0000000707600000|  0%| F|  |TAMS 0x0000000707500000, 0x0000000707500000| Untracked 
|  88|0x0000000707600000, 0x0000000707600000, 0x0000000707700000|  0%| F|  |TAMS 0x0000000707600000, 0x0000000707600000| Untracked 
|  89|0x0000000707700000, 0x0000000707700000, 0x0000000707800000|  0%| F|  |TAMS 0x0000000707700000, 0x0000000707700000| Untracked 
|  90|0x0000000707800000, 0x0000000707800000, 0x0000000707900000|  0%| F|  |TAMS 0x0000000707800000, 0x0000000707800000| Untracked 
|  91|0x0000000707900000, 0x0000000707900000, 0x0000000707a00000|  0%| F|  |TAMS 0x0000000707900000, 0x0000000707900000| Untracked 
|  92|0x0000000707a00000, 0x0000000707a00000, 0x0000000707b00000|  0%| F|  |TAMS 0x0000000707a00000, 0x0000000707a00000| Untracked 
|  93|0x0000000707b00000, 0x0000000707b00000, 0x0000000707c00000|  0%| F|  |TAMS 0x0000000707b00000, 0x0000000707b00000| Untracked 
|  94|0x0000000707c00000, 0x0000000707c00000, 0x0000000707d00000|  0%| F|  |TAMS 0x0000000707c00000, 0x0000000707c00000| Untracked 
|  95|0x0000000707d00000, 0x0000000707d00000, 0x0000000707e00000|  0%| F|  |TAMS 0x0000000707d00000, 0x0000000707d00000| Untracked 
|  96|0x0000000707e00000, 0x0000000707e00000, 0x0000000707f00000|  0%| F|  |TAMS 0x0000000707e00000, 0x0000000707e00000| Untracked 
|  97|0x0000000707f00000, 0x0000000707f00000, 0x0000000708000000|  0%| F|  |TAMS 0x0000000707f00000, 0x0000000707f00000| Untracked 
|  98|0x0000000708000000, 0x0000000708000000, 0x0000000708100000|  0%| F|  |TAMS 0x0000000708000000, 0x0000000708000000| Untracked 
|  99|0x0000000708100000, 0x0000000708100000, 0x0000000708200000|  0%| F|  |TAMS 0x0000000708100000, 0x0000000708100000| Untracked 
| 100|0x0000000708200000, 0x0000000708200000, 0x0000000708300000|  0%| F|  |TAMS 0x0000000708200000, 0x0000000708200000| Untracked 
| 101|0x0000000708300000, 0x0000000708300000, 0x0000000708400000|  0%| F|  |TAMS 0x0000000708300000, 0x0000000708300000| Untracked 
| 102|0x0000000708400000, 0x0000000708400000, 0x0000000708500000|  0%| F|  |TAMS 0x0000000708400000, 0x0000000708400000| Untracked 
| 103|0x0000000708500000, 0x0000000708500000, 0x0000000708600000|  0%| F|  |TAMS 0x0000000708500000, 0x0000000708500000| Untracked 
| 104|0x0000000708600000, 0x0000000708600000, 0x0000000708700000|  0%| F|  |TAMS 0x0000000708600000, 0x0000000708600000| Untracked 
| 105|0x0000000708700000, 0x0000000708700000, 0x0000000708800000|  0%| F|  |TAMS 0x0000000708700000, 0x0000000708700000| Untracked 
| 106|0x0000000708800000, 0x0000000708800000, 0x0000000708900000|  0%| F|  |TAMS 0x0000000708800000, 0x0000000708800000| Untracked 
| 107|0x0000000708900000, 0x0000000708900000, 0x0000000708a00000|  0%| F|  |TAMS 0x0000000708900000, 0x0000000708900000| Untracked 
| 108|0x0000000708a00000, 0x0000000708a00000, 0x0000000708b00000|  0%| F|  |TAMS 0x0000000708a00000, 0x0000000708a00000| Untracked 
| 109|0x0000000708b00000, 0x0000000708b00000, 0x0000000708c00000|  0%| F|  |TAMS 0x0000000708b00000, 0x0000000708b00000| Untracked 
| 110|0x0000000708c00000, 0x0000000708c00000, 0x0000000708d00000|  0%| F|  |TAMS 0x0000000708c00000, 0x0000000708c00000| Untracked 
| 111|0x0000000708d00000, 0x0000000708d00000, 0x0000000708e00000|  0%| F|  |TAMS 0x0000000708d00000, 0x0000000708d00000| Untracked 
| 112|0x0000000708e00000, 0x0000000708e00000, 0x0000000708f00000|  0%| F|  |TAMS 0x0000000708e00000, 0x0000000708e00000| Untracked 
| 113|0x0000000708f00000, 0x0000000708f00000, 0x0000000709000000|  0%| F|  |TAMS 0x0000000708f00000, 0x0000000708f00000| Untracked 
| 114|0x0000000709000000, 0x0000000709000000, 0x0000000709100000|  0%| F|  |TAMS 0x0000000709000000, 0x0000000709000000| Untracked 
| 115|0x0000000709100000, 0x0000000709100000, 0x0000000709200000|  0%| F|  |TAMS 0x0000000709100000, 0x0000000709100000| Untracked 
| 116|0x0000000709200000, 0x0000000709200000, 0x0000000709300000|  0%| F|  |TAMS 0x0000000709200000, 0x0000000709200000| Untracked 
| 117|0x0000000709300000, 0x0000000709300000, 0x0000000709400000|  0%| F|  |TAMS 0x0000000709300000, 0x0000000709300000| Untracked 
| 118|0x0000000709400000, 0x0000000709400000, 0x0000000709500000|  0%| F|  |TAMS 0x0000000709400000, 0x0000000709400000| Untracked 
| 119|0x0000000709500000, 0x0000000709500000, 0x0000000709600000|  0%| F|  |TAMS 0x0000000709500000, 0x0000000709500000| Untracked 
| 120|0x0000000709600000, 0x0000000709600000, 0x0000000709700000|  0%| F|  |TAMS 0x0000000709600000, 0x0000000709600000| Untracked 
| 121|0x0000000709700000, 0x0000000709700000, 0x0000000709800000|  0%| F|  |TAMS 0x0000000709700000, 0x0000000709700000| Untracked 
| 122|0x0000000709800000, 0x0000000709800000, 0x0000000709900000|  0%| F|  |TAMS 0x0000000709800000, 0x0000000709800000| Untracked 
| 123|0x0000000709900000, 0x0000000709900000, 0x0000000709a00000|  0%| F|  |TAMS 0x0000000709900000, 0x0000000709900000| Untracked 
| 124|0x0000000709a00000, 0x0000000709a00000, 0x0000000709b00000|  0%| F|  |TAMS 0x0000000709a00000, 0x0000000709a00000| Untracked 
| 125|0x0000000709b00000, 0x0000000709b00000, 0x0000000709c00000|  0%| F|  |TAMS 0x0000000709b00000, 0x0000000709b00000| Untracked 
| 126|0x0000000709c00000, 0x0000000709c00000, 0x0000000709d00000|  0%| F|  |TAMS 0x0000000709c00000, 0x0000000709c00000| Untracked 
| 127|0x0000000709d00000, 0x0000000709d00000, 0x0000000709e00000|  0%| F|  |TAMS 0x0000000709d00000, 0x0000000709d00000| Untracked 
| 128|0x0000000709e00000, 0x0000000709e00000, 0x0000000709f00000|  0%| F|  |TAMS 0x0000000709e00000, 0x0000000709e00000| Untracked 
| 129|0x0000000709f00000, 0x0000000709f00000, 0x000000070a000000|  0%| F|  |TAMS 0x0000000709f00000, 0x0000000709f00000| Untracked 
| 130|0x000000070a000000, 0x000000070a000000, 0x000000070a100000|  0%| F|  |TAMS 0x000000070a000000, 0x000000070a000000| Untracked 
| 131|0x000000070a100000, 0x000000070a100000, 0x000000070a200000|  0%| F|  |TAMS 0x000000070a100000, 0x000000070a100000| Untracked 
| 132|0x000000070a200000, 0x000000070a200000, 0x000000070a300000|  0%| F|  |TAMS 0x000000070a200000, 0x000000070a200000| Untracked 
| 133|0x000000070a300000, 0x000000070a300000, 0x000000070a400000|  0%| F|  |TAMS 0x000000070a300000, 0x000000070a300000| Untracked 
| 134|0x000000070a400000, 0x000000070a400000, 0x000000070a500000|  0%| F|  |TAMS 0x000000070a400000, 0x000000070a400000| Untracked 
| 135|0x000000070a500000, 0x000000070a500000, 0x000000070a600000|  0%| F|  |TAMS 0x000000070a500000, 0x000000070a500000| Untracked 
| 136|0x000000070a600000, 0x000000070a600000, 0x000000070a700000|  0%| F|  |TAMS 0x000000070a600000, 0x000000070a600000| Untracked 
| 137|0x000000070a700000, 0x000000070a700000, 0x000000070a800000|  0%| F|  |TAMS 0x000000070a700000, 0x000000070a700000| Untracked 
| 138|0x000000070a800000, 0x000000070a800000, 0x000000070a900000|  0%| F|  |TAMS 0x000000070a800000, 0x000000070a800000| Untracked 
| 139|0x000000070a900000, 0x000000070a900000, 0x000000070aa00000|  0%| F|  |TAMS 0x000000070a900000, 0x000000070a900000| Untracked 
| 140|0x000000070aa00000, 0x000000070aa00000, 0x000000070ab00000|  0%| F|  |TAMS 0x000000070aa00000, 0x000000070aa00000| Untracked 
| 141|0x000000070ab00000, 0x000000070ab00000, 0x000000070ac00000|  0%| F|  |TAMS 0x000000070ab00000, 0x000000070ab00000| Untracked 
| 142|0x000000070ac00000, 0x000000070ac00000, 0x000000070ad00000|  0%| F|  |TAMS 0x000000070ac00000, 0x000000070ac00000| Untracked 
| 143|0x000000070ad00000, 0x000000070ad00000, 0x000000070ae00000|  0%| F|  |TAMS 0x000000070ad00000, 0x000000070ad00000| Untracked 
| 144|0x000000070ae00000, 0x000000070ae00000, 0x000000070af00000|  0%| F|  |TAMS 0x000000070ae00000, 0x000000070ae00000| Untracked 
| 145|0x000000070af00000, 0x000000070af00000, 0x000000070b000000|  0%| F|  |TAMS 0x000000070af00000, 0x000000070af00000| Untracked 
| 146|0x000000070b000000, 0x000000070b000000, 0x000000070b100000|  0%| F|  |TAMS 0x000000070b000000, 0x000000070b000000| Untracked 
| 147|0x000000070b100000, 0x000000070b100000, 0x000000070b200000|  0%| F|  |TAMS 0x000000070b100000, 0x000000070b100000| Untracked 
| 148|0x000000070b200000, 0x000000070b200000, 0x000000070b300000|  0%| F|  |TAMS 0x000000070b200000, 0x000000070b200000| Untracked 
| 149|0x000000070b300000, 0x000000070b300000, 0x000000070b400000|  0%| F|  |TAMS 0x000000070b300000, 0x000000070b300000| Untracked 
| 150|0x000000070b400000, 0x000000070b400000, 0x000000070b500000|  0%| F|  |TAMS 0x000000070b400000, 0x000000070b400000| Untracked 
| 151|0x000000070b500000, 0x000000070b500000, 0x000000070b600000|  0%| F|  |TAMS 0x000000070b500000, 0x000000070b500000| Untracked 
| 152|0x000000070b600000, 0x000000070b600000, 0x000000070b700000|  0%| F|  |TAMS 0x000000070b600000, 0x000000070b600000| Untracked 
| 153|0x000000070b700000, 0x000000070b700000, 0x000000070b800000|  0%| F|  |TAMS 0x000000070b700000, 0x000000070b700000| Untracked 
| 154|0x000000070b800000, 0x000000070b800000, 0x000000070b900000|  0%| F|  |TAMS 0x000000070b800000, 0x000000070b800000| Untracked 
| 155|0x000000070b900000, 0x000000070b900000, 0x000000070ba00000|  0%| F|  |TAMS 0x000000070b900000, 0x000000070b900000| Untracked 
| 156|0x000000070ba00000, 0x000000070ba00000, 0x000000070bb00000|  0%| F|  |TAMS 0x000000070ba00000, 0x000000070ba00000| Untracked 
| 157|0x000000070bb00000, 0x000000070bb00000, 0x000000070bc00000|  0%| F|  |TAMS 0x000000070bb00000, 0x000000070bb00000| Untracked 
| 158|0x000000070bc00000, 0x000000070bc00000, 0x000000070bd00000|  0%| F|  |TAMS 0x000000070bc00000, 0x000000070bc00000| Untracked 
| 159|0x000000070bd00000, 0x000000070bd00000, 0x000000070be00000|  0%| F|  |TAMS 0x000000070bd00000, 0x000000070bd00000| Untracked 
| 160|0x000000070be00000, 0x000000070be00000, 0x000000070bf00000|  0%| F|  |TAMS 0x000000070be00000, 0x000000070be00000| Untracked 
| 161|0x000000070bf00000, 0x000000070bf00000, 0x000000070c000000|  0%| F|  |TAMS 0x000000070bf00000, 0x000000070bf00000| Untracked 
| 162|0x000000070c000000, 0x000000070c000000, 0x000000070c100000|  0%| F|  |TAMS 0x000000070c000000, 0x000000070c000000| Untracked 
| 163|0x000000070c100000, 0x000000070c100000, 0x000000070c200000|  0%| F|  |TAMS 0x000000070c100000, 0x000000070c100000| Untracked 
| 164|0x000000070c200000, 0x000000070c200000, 0x000000070c300000|  0%| F|  |TAMS 0x000000070c200000, 0x000000070c200000| Untracked 
| 165|0x000000070c300000, 0x000000070c300000, 0x000000070c400000|  0%| F|  |TAMS 0x000000070c300000, 0x000000070c300000| Untracked 
| 166|0x000000070c400000, 0x000000070c400000, 0x000000070c500000|  0%| F|  |TAMS 0x000000070c400000, 0x000000070c400000| Untracked 
| 167|0x000000070c500000, 0x000000070c500000, 0x000000070c600000|  0%| F|  |TAMS 0x000000070c500000, 0x000000070c500000| Untracked 
| 168|0x000000070c600000, 0x000000070c600000, 0x000000070c700000|  0%| F|  |TAMS 0x000000070c600000, 0x000000070c600000| Untracked 
| 169|0x000000070c700000, 0x000000070c700000, 0x000000070c800000|  0%| F|  |TAMS 0x000000070c700000, 0x000000070c700000| Untracked 
| 170|0x000000070c800000, 0x000000070c800000, 0x000000070c900000|  0%| F|  |TAMS 0x000000070c800000, 0x000000070c800000| Untracked 
| 171|0x000000070c900000, 0x000000070c900000, 0x000000070ca00000|  0%| F|  |TAMS 0x000000070c900000, 0x000000070c900000| Untracked 
| 172|0x000000070ca00000, 0x000000070ca00000, 0x000000070cb00000|  0%| F|  |TAMS 0x000000070ca00000, 0x000000070ca00000| Untracked 
| 173|0x000000070cb00000, 0x000000070cb00000, 0x000000070cc00000|  0%| F|  |TAMS 0x000000070cb00000, 0x000000070cb00000| Untracked 
| 174|0x000000070cc00000, 0x000000070cc00000, 0x000000070cd00000|  0%| F|  |TAMS 0x000000070cc00000, 0x000000070cc00000| Untracked 
| 175|0x000000070cd00000, 0x000000070cd00000, 0x000000070ce00000|  0%| F|  |TAMS 0x000000070cd00000, 0x000000070cd00000| Untracked 
| 176|0x000000070ce00000, 0x000000070ce00000, 0x000000070cf00000|  0%| F|  |TAMS 0x000000070ce00000, 0x000000070ce00000| Untracked 
| 177|0x000000070cf00000, 0x000000070cf00000, 0x000000070d000000|  0%| F|  |TAMS 0x000000070cf00000, 0x000000070cf00000| Untracked 
| 178|0x000000070d000000, 0x000000070d000000, 0x000000070d100000|  0%| F|  |TAMS 0x000000070d000000, 0x000000070d000000| Untracked 
| 179|0x000000070d100000, 0x000000070d100000, 0x000000070d200000|  0%| F|  |TAMS 0x000000070d100000, 0x000000070d100000| Untracked 
| 180|0x000000070d200000, 0x000000070d200000, 0x000000070d300000|  0%| F|  |TAMS 0x000000070d200000, 0x000000070d200000| Untracked 
| 181|0x000000070d300000, 0x000000070d300000, 0x000000070d400000|  0%| F|  |TAMS 0x000000070d300000, 0x000000070d300000| Untracked 
| 182|0x000000070d400000, 0x000000070d400000, 0x000000070d500000|  0%| F|  |TAMS 0x000000070d400000, 0x000000070d400000| Untracked 
| 183|0x000000070d500000, 0x000000070d500000, 0x000000070d600000|  0%| F|  |TAMS 0x000000070d500000, 0x000000070d500000| Untracked 
| 184|0x000000070d600000, 0x000000070d600000, 0x000000070d700000|  0%| F|  |TAMS 0x000000070d600000, 0x000000070d600000| Untracked 
| 185|0x000000070d700000, 0x000000070d700000, 0x000000070d800000|  0%| F|  |TAMS 0x000000070d700000, 0x000000070d700000| Untracked 
| 186|0x000000070d800000, 0x000000070d800000, 0x000000070d900000|  0%| F|  |TAMS 0x000000070d800000, 0x000000070d800000| Untracked 
| 187|0x000000070d900000, 0x000000070d900000, 0x000000070da00000|  0%| F|  |TAMS 0x000000070d900000, 0x000000070d900000| Untracked 
| 188|0x000000070da00000, 0x000000070da00000, 0x000000070db00000|  0%| F|  |TAMS 0x000000070da00000, 0x000000070da00000| Untracked 
| 189|0x000000070db00000, 0x000000070db00000, 0x000000070dc00000|  0%| F|  |TAMS 0x000000070db00000, 0x000000070db00000| Untracked 
| 190|0x000000070dc00000, 0x000000070dc00000, 0x000000070dd00000|  0%| F|  |TAMS 0x000000070dc00000, 0x000000070dc00000| Untracked 
| 191|0x000000070dd00000, 0x000000070dd00000, 0x000000070de00000|  0%| F|  |TAMS 0x000000070dd00000, 0x000000070dd00000| Untracked 
| 192|0x000000070de00000, 0x000000070de00000, 0x000000070df00000|  0%| F|  |TAMS 0x000000070de00000, 0x000000070de00000| Untracked 
| 193|0x000000070df00000, 0x000000070df00000, 0x000000070e000000|  0%| F|  |TAMS 0x000000070df00000, 0x000000070df00000| Untracked 
| 194|0x000000070e000000, 0x000000070e000000, 0x000000070e100000|  0%| F|  |TAMS 0x000000070e000000, 0x000000070e000000| Untracked 
| 195|0x000000070e100000, 0x000000070e100000, 0x000000070e200000|  0%| F|  |TAMS 0x000000070e100000, 0x000000070e100000| Untracked 
| 196|0x000000070e200000, 0x000000070e200000, 0x000000070e300000|  0%| F|  |TAMS 0x000000070e200000, 0x000000070e200000| Untracked 
| 197|0x000000070e300000, 0x000000070e300000, 0x000000070e400000|  0%| F|  |TAMS 0x000000070e300000, 0x000000070e300000| Untracked 
| 198|0x000000070e400000, 0x000000070e400000, 0x000000070e500000|  0%| F|  |TAMS 0x000000070e400000, 0x000000070e400000| Untracked 
| 199|0x000000070e500000, 0x000000070e500000, 0x000000070e600000|  0%| F|  |TAMS 0x000000070e500000, 0x000000070e500000| Untracked 
| 200|0x000000070e600000, 0x000000070e600000, 0x000000070e700000|  0%| F|  |TAMS 0x000000070e600000, 0x000000070e600000| Untracked 
| 201|0x000000070e700000, 0x000000070e700000, 0x000000070e800000|  0%| F|  |TAMS 0x000000070e700000, 0x000000070e700000| Untracked 
| 202|0x000000070e800000, 0x000000070e800000, 0x000000070e900000|  0%| F|  |TAMS 0x000000070e800000, 0x000000070e800000| Untracked 
| 203|0x000000070e900000, 0x000000070e900000, 0x000000070ea00000|  0%| F|  |TAMS 0x000000070e900000, 0x000000070e900000| Untracked 
| 204|0x000000070ea00000, 0x000000070ea00000, 0x000000070eb00000|  0%| F|  |TAMS 0x000000070ea00000, 0x000000070ea00000| Untracked 
| 205|0x000000070eb00000, 0x000000070eb00000, 0x000000070ec00000|  0%| F|  |TAMS 0x000000070eb00000, 0x000000070eb00000| Untracked 
| 206|0x000000070ec00000, 0x000000070ec00000, 0x000000070ed00000|  0%| F|  |TAMS 0x000000070ec00000, 0x000000070ec00000| Untracked 
| 207|0x000000070ed00000, 0x000000070ed00000, 0x000000070ee00000|  0%| F|  |TAMS 0x000000070ed00000, 0x000000070ed00000| Untracked 
| 208|0x000000070ee00000, 0x000000070ee00000, 0x000000070ef00000|  0%| F|  |TAMS 0x000000070ee00000, 0x000000070ee00000| Untracked 
| 209|0x000000070ef00000, 0x000000070ef00000, 0x000000070f000000|  0%| F|  |TAMS 0x000000070ef00000, 0x000000070ef00000| Untracked 
| 210|0x000000070f000000, 0x000000070f000000, 0x000000070f100000|  0%| F|  |TAMS 0x000000070f000000, 0x000000070f000000| Untracked 
| 211|0x000000070f100000, 0x000000070f100000, 0x000000070f200000|  0%| F|  |TAMS 0x000000070f100000, 0x000000070f100000| Untracked 
| 212|0x000000070f200000, 0x000000070f200000, 0x000000070f300000|  0%| F|  |TAMS 0x000000070f200000, 0x000000070f200000| Untracked 
| 213|0x000000070f300000, 0x000000070f300000, 0x000000070f400000|  0%| F|  |TAMS 0x000000070f300000, 0x000000070f300000| Untracked 
| 214|0x000000070f400000, 0x000000070f400000, 0x000000070f500000|  0%| F|  |TAMS 0x000000070f400000, 0x000000070f400000| Untracked 
| 215|0x000000070f500000, 0x000000070f500000, 0x000000070f600000|  0%| F|  |TAMS 0x000000070f500000, 0x000000070f500000| Untracked 
| 216|0x000000070f600000, 0x000000070f600000, 0x000000070f700000|  0%| F|  |TAMS 0x000000070f600000, 0x000000070f600000| Untracked 
| 217|0x000000070f700000, 0x000000070f700000, 0x000000070f800000|  0%| F|  |TAMS 0x000000070f700000, 0x000000070f700000| Untracked 
| 218|0x000000070f800000, 0x000000070f800000, 0x000000070f900000|  0%| F|  |TAMS 0x000000070f800000, 0x000000070f800000| Untracked 
| 219|0x000000070f900000, 0x000000070f900000, 0x000000070fa00000|  0%| F|  |TAMS 0x000000070f900000, 0x000000070f900000| Untracked 
| 220|0x000000070fa00000, 0x000000070fa00000, 0x000000070fb00000|  0%| F|  |TAMS 0x000000070fa00000, 0x000000070fa00000| Untracked 
| 221|0x000000070fb00000, 0x000000070fb00000, 0x000000070fc00000|  0%| F|  |TAMS 0x000000070fb00000, 0x000000070fb00000| Untracked 
| 222|0x000000070fc00000, 0x000000070fc00000, 0x000000070fd00000|  0%| F|  |TAMS 0x000000070fc00000, 0x000000070fc00000| Untracked 
| 223|0x000000070fd00000, 0x000000070fd00000, 0x000000070fe00000|  0%| F|  |TAMS 0x000000070fd00000, 0x000000070fd00000| Untracked 
| 224|0x000000070fe00000, 0x000000070fe00000, 0x000000070ff00000|  0%| F|  |TAMS 0x000000070fe00000, 0x000000070fe00000| Untracked 
| 225|0x000000070ff00000, 0x000000070ff00000, 0x0000000710000000|  0%| F|  |TAMS 0x000000070ff00000, 0x000000070ff00000| Untracked 
| 226|0x0000000710000000, 0x0000000710000000, 0x0000000710100000|  0%| F|  |TAMS 0x0000000710000000, 0x0000000710000000| Untracked 
| 227|0x0000000710100000, 0x0000000710100000, 0x0000000710200000|  0%| F|  |TAMS 0x0000000710100000, 0x0000000710100000| Untracked 
| 228|0x0000000710200000, 0x0000000710200000, 0x0000000710300000|  0%| F|  |TAMS 0x0000000710200000, 0x0000000710200000| Untracked 
| 229|0x0000000710300000, 0x0000000710300000, 0x0000000710400000|  0%| F|  |TAMS 0x0000000710300000, 0x0000000710300000| Untracked 
| 230|0x0000000710400000, 0x0000000710400000, 0x0000000710500000|  0%| F|  |TAMS 0x0000000710400000, 0x0000000710400000| Untracked 
| 231|0x0000000710500000, 0x0000000710500000, 0x0000000710600000|  0%| F|  |TAMS 0x0000000710500000, 0x0000000710500000| Untracked 
| 232|0x0000000710600000, 0x0000000710600000, 0x0000000710700000|  0%| F|  |TAMS 0x0000000710600000, 0x0000000710600000| Untracked 
| 233|0x0000000710700000, 0x0000000710700000, 0x0000000710800000|  0%| F|  |TAMS 0x0000000710700000, 0x0000000710700000| Untracked 
| 234|0x0000000710800000, 0x0000000710800000, 0x0000000710900000|  0%| F|  |TAMS 0x0000000710800000, 0x0000000710800000| Untracked 
| 235|0x0000000710900000, 0x0000000710900000, 0x0000000710a00000|  0%| F|  |TAMS 0x0000000710900000, 0x0000000710900000| Untracked 
| 236|0x0000000710a00000, 0x0000000710a00000, 0x0000000710b00000|  0%| F|  |TAMS 0x0000000710a00000, 0x0000000710a00000| Untracked 
| 237|0x0000000710b00000, 0x0000000710b00000, 0x0000000710c00000|  0%| F|  |TAMS 0x0000000710b00000, 0x0000000710b00000| Untracked 
| 238|0x0000000710c00000, 0x0000000710c00000, 0x0000000710d00000|  0%| F|  |TAMS 0x0000000710c00000, 0x0000000710c00000| Untracked 
| 239|0x0000000710d00000, 0x0000000710d00000, 0x0000000710e00000|  0%| F|  |TAMS 0x0000000710d00000, 0x0000000710d00000| Untracked 
| 240|0x0000000710e00000, 0x0000000710f00000, 0x0000000710f00000|100%| S|CS|TAMS 0x0000000710e00000, 0x0000000710e00000| Complete 
| 241|0x0000000710f00000, 0x0000000711000000, 0x0000000711000000|100%| S|CS|TAMS 0x0000000710f00000, 0x0000000710f00000| Complete 
| 242|0x0000000711000000, 0x0000000711000000, 0x0000000711100000|  0%| F|  |TAMS 0x0000000711000000, 0x0000000711000000| Untracked 
| 243|0x0000000711100000, 0x0000000711100000, 0x0000000711200000|  0%| F|  |TAMS 0x0000000711100000, 0x0000000711100000| Untracked 
| 244|0x0000000711200000, 0x0000000711200000, 0x0000000711300000|  0%| F|  |TAMS 0x0000000711200000, 0x0000000711200000| Untracked 
| 245|0x0000000711300000, 0x0000000711300000, 0x0000000711400000|  0%| F|  |TAMS 0x0000000711300000, 0x0000000711300000| Untracked 
| 246|0x0000000711400000, 0x0000000711400000, 0x0000000711500000|  0%| F|  |TAMS 0x0000000711400000, 0x0000000711400000| Untracked 
| 247|0x0000000711500000, 0x0000000711500000, 0x0000000711600000|  0%| F|  |TAMS 0x0000000711500000, 0x0000000711500000| Untracked 
| 248|0x0000000711600000, 0x0000000711600000, 0x0000000711700000|  0%| F|  |TAMS 0x0000000711600000, 0x0000000711600000| Untracked 
| 249|0x0000000711700000, 0x0000000711700000, 0x0000000711800000|  0%| F|  |TAMS 0x0000000711700000, 0x0000000711700000| Untracked 
| 250|0x0000000711800000, 0x0000000711800000, 0x0000000711900000|  0%| F|  |TAMS 0x0000000711800000, 0x0000000711800000| Untracked 
| 251|0x0000000711900000, 0x0000000711980800, 0x0000000711a00000| 50%| E|  |TAMS 0x0000000711900000, 0x0000000711900000| Complete 
| 252|0x0000000711a00000, 0x0000000711b00000, 0x0000000711b00000|100%| E|CS|TAMS 0x0000000711a00000, 0x0000000711a00000| Complete 
| 253|0x0000000711b00000, 0x0000000711c00000, 0x0000000711c00000|100%| E|CS|TAMS 0x0000000711b00000, 0x0000000711b00000| Complete 
| 254|0x0000000711c00000, 0x0000000711d00000, 0x0000000711d00000|100%| E|CS|TAMS 0x0000000711c00000, 0x0000000711c00000| Complete 
| 255|0x0000000711d00000, 0x0000000711e00000, 0x0000000711e00000|100%| E|CS|TAMS 0x0000000711d00000, 0x0000000711d00000| Complete 

Card table byte_map: [0x000001cb191a0000,0x000001cb199a0000] _byte_map_base: 0x000001cb15991000

Marking Bits (Prev, Next): (CMBitMap*) 0x000001cb7f8f8668, (CMBitMap*) 0x000001cb7f8f86a0
 Prev Bits: [0x000001cb1a1a0000, 0x000001cb1e128000)
 Next Bits: [0x000001cb1e130000, 0x000001cb220b8000)

Polling page: 0x000001cb7eb50000

Metaspace:

Usage:
  Non-class:     14.26 MB capacity,    14.06 MB ( 99%) used,   163.30 KB (  1%) free+waste,    44.88 KB ( <1%) overhead. 
      Class:      1.84 MB capacity,     1.64 MB ( 89%) used,   181.18 KB ( 10%) free+waste,    23.50 KB (  1%) overhead. 
       Both:     16.10 MB capacity,    15.70 MB ( 97%) used,   344.48 KB (  2%) free+waste,    68.38 KB ( <1%) overhead. 

Virtual space:
  Non-class space:       16.00 MB reserved,      14.50 MB ( 91%) committed 
      Class space:        1.00 GB reserved,       1.88 MB ( <1%) committed 
             Both:        1.02 GB reserved,      16.38 MB (  2%) committed 

Chunk freelists:
   Non-Class:  0 bytes
       Class:  5.00 KB
        Both:  5.00 KB

MaxMetaspaceSize: 17179869184.00 GB
CompressedClassSpaceSize: 1.00 GB

CodeHeap 'non-profiled nmethods': size=120064Kb used=448Kb max_used=448Kb free=119615Kb
 bounds [0x000001cb11460000, 0x000001cb116d0000, 0x000001cb189a0000]
CodeHeap 'profiled nmethods': size=120000Kb used=2042Kb max_used=2042Kb free=117957Kb
 bounds [0x000001cb09f30000, 0x000001cb0a1a0000, 0x000001cb11460000]
CodeHeap 'non-nmethods': size=5696Kb used=1276Kb max_used=1299Kb free=4419Kb
 bounds [0x000001cb099a0000, 0x000001cb09c10000, 0x000001cb09f30000]
 total_blobs=2131 nmethods=1099 adapters=461
 compilation: enabled
              stopped_count=0, restarted_count=0
 full_count=0

Compilation events (20 events):
Event: 0.950 Thread 0x000001cb249c1000 1078       3       java.lang.invoke.ClassSpecializer::classSig (34 bytes)
Event: 0.950 Thread 0x000001cb249c1000 nmethod 1078 0x000001cb0a129710 code [0x000001cb0a129940, 0x000001cb0a129eb0]
Event: 0.951 Thread 0x000001cb249c1000 1084       3       sun.invoke.util.BytecodeDescriptor::unparseMethod (66 bytes)
Event: 0.951 Thread 0x000001cb249c1000 nmethod 1084 0x000001cb0a12a090 code [0x000001cb0a12a300, 0x000001cb0a12ac70]
Event: 0.953 Thread 0x000001cb249c1000 1087       3       java.lang.reflect.Modifier::isVolatile (13 bytes)
Event: 0.954 Thread 0x000001cb249c1000 nmethod 1087 0x000001cb0a12b010 code [0x000001cb0a12b1c0, 0x000001cb0a12b358]
Event: 0.954 Thread 0x000001cb249c1000 1088       3       java.lang.invoke.DirectMethodHandle::afIndex (20 bytes)
Event: 0.954 Thread 0x000001cb249c1000 nmethod 1088 0x000001cb0a12b410 code [0x000001cb0a12b5c0, 0x000001cb0a12b778]
Event: 0.954 Thread 0x000001cb249c1000 1090       3       jdk.internal.org.objectweb.asm.MethodWriter::visitCode (1 bytes)
Event: 0.954 Thread 0x000001cb249c1000 nmethod 1090 0x000001cb0a12b810 code [0x000001cb0a12b9c0, 0x000001cb0a12bb18]
Event: 0.955 Thread 0x000001cb249c1000 1091       3       java.lang.invoke.ClassSpecializer$Factory$1Var::emitVarInstruction (73 bytes)
Event: 0.955 Thread 0x000001cb249c1000 nmethod 1091 0x000001cb0a12bb90 code [0x000001cb0a12be60, 0x000001cb0a12ca80]
Event: 0.955 Thread 0x000001cb249c1000 1092       3       java.util.ArrayList::toArray (12 bytes)
Event: 0.956 Thread 0x000001cb249c1000 nmethod 1092 0x000001cb0a12cf10 code [0x000001cb0a12d0e0, 0x000001cb0a12d330]
Event: 0.956 Thread 0x000001cb249c1000 1094   !   3       java.lang.invoke.ClassSpecializer$Factory::findGetter (41 bytes)
Event: 0.957 Thread 0x000001cb249c1000 nmethod 1094 0x000001cb0a12d410 code [0x000001cb0a12d640, 0x000001cb0a12dd70]
Event: 0.957 Thread 0x000001cb249c1000 1095       3       java.lang.invoke.MethodHandles$Lookup::findGetter (19 bytes)
Event: 0.957 Thread 0x000001cb249c1000 nmethod 1095 0x000001cb0a12e110 code [0x000001cb0a12e2e0, 0x000001cb0a12e560]
Event: 0.957 Thread 0x000001cb249c1000 1096       3       java.lang.invoke.MethodHandles$Lookup::getDirectField (12 bytes)
Event: 0.957 Thread 0x000001cb249c1000 nmethod 1096 0x000001cb0a12e690 code [0x000001cb0a12e840, 0x000001cb0a12ea10]

GC Heap History (2 events):
Event: 0.854 GC heap before
{Heap before GC invocations=0 (full 0):
 garbage-first heap   total 262144K, used 15360K [0x0000000701e00000, 0x0000000800000000)
  region size 1024K, 14 young (14336K), 0 survivors (0K)
 Metaspace       used 14608K, capacity 15008K, committed 15360K, reserved 1062912K
  class space    used 1477K, capacity 1667K, committed 1792K, reserved 1048576K
}
Event: 0.859 GC heap after
{Heap after GC invocations=1 (full 0):
 garbage-first heap   total 262144K, used 3406K [0x0000000701e00000, 0x0000000800000000)
  region size 1024K, 2 young (2048K), 2 survivors (2048K)
 Metaspace       used 14608K, capacity 15008K, committed 15360K, reserved 1062912K
  class space    used 1477K, capacity 1667K, committed 1792K, reserved 1048576K
}

Deoptimization events (20 events):
Event: 0.819 Thread 0x000001cb2732c000 DEOPT PACKING pc=0x000001cb0a09be39 sp=0x00000076125fecf0
Event: 0.819 Thread 0x000001cb2732c000 DEOPT UNPACKING pc=0x000001cb099dd64e sp=0x00000076125fe170 mode 0
Event: 0.820 Thread 0x000001cb2732c000 DEOPT PACKING pc=0x000001cb0a09be39 sp=0x00000076125fecf0
Event: 0.820 Thread 0x000001cb2732c000 DEOPT UNPACKING pc=0x000001cb099dd64e sp=0x00000076125fe170 mode 0
Event: 0.820 Thread 0x000001cb2732c000 DEOPT PACKING pc=0x000001cb0a09be39 sp=0x00000076125fecf0
Event: 0.820 Thread 0x000001cb2732c000 DEOPT UNPACKING pc=0x000001cb099dd64e sp=0x00000076125fe170 mode 0
Event: 0.822 Thread 0x000001cb2732c000 DEOPT PACKING pc=0x000001cb0a09bfc8 sp=0x00000076125fecf0
Event: 0.822 Thread 0x000001cb2732c000 DEOPT UNPACKING pc=0x000001cb099dd64e sp=0x00000076125fe170 mode 0
Event: 0.822 Thread 0x000001cb2732c000 DEOPT PACKING pc=0x000001cb0a09bfc8 sp=0x00000076125fecf0
Event: 0.822 Thread 0x000001cb2732c000 DEOPT UNPACKING pc=0x000001cb099dd64e sp=0x00000076125fe170 mode 0
Event: 0.822 Thread 0x000001cb2732c000 DEOPT PACKING pc=0x000001cb0a09bfc8 sp=0x00000076125fecf0
Event: 0.822 Thread 0x000001cb2732c000 DEOPT UNPACKING pc=0x000001cb099dd64e sp=0x00000076125fe170 mode 0
Event: 0.822 Thread 0x000001cb2732c000 DEOPT PACKING pc=0x000001cb0a09bfc8 sp=0x00000076125fecf0
Event: 0.822 Thread 0x000001cb2732c000 DEOPT UNPACKING pc=0x000001cb099dd64e sp=0x00000076125fe170 mode 0
Event: 0.828 Thread 0x000001cb2732c000 DEOPT PACKING pc=0x000001cb0a0a2ad4 sp=0x00000076125fed80
Event: 0.828 Thread 0x000001cb2732c000 DEOPT UNPACKING pc=0x000001cb099dd64e sp=0x00000076125fe530 mode 0
Event: 0.874 Thread 0x000001cb7f891800 Uncommon trap: trap_request=0xffffff4d fr.pc=0x000001cb114b2350 relative=0x0000000000004db0
Event: 0.874 Thread 0x000001cb7f891800 Uncommon trap: reason=unstable_if action=reinterpret pc=0x000001cb114b2350 method=jdk.internal.org.objectweb.asm.Frame.execute(IILjdk/internal/org/objectweb/asm/ClassWriter;Ljdk/internal/org/objectweb/asm/Item;)V @ 1 c2
Event: 0.874 Thread 0x000001cb7f891800 DEOPT PACKING pc=0x000001cb114b2350 sp=0x0000007610cfdf00
Event: 0.874 Thread 0x000001cb7f891800 DEOPT UNPACKING pc=0x000001cb099dd82f sp=0x0000007610cfdef8 mode 2

Classes redefined (0 events):
No events

Internal exceptions (20 events):
Event: 0.560 Thread 0x000001cb7f891800 Exception <a 'java/lang/NoSuchMethodError'{0x0000000711796db0}: 'java.lang.Object java.lang.invoke.DirectMethodHandle$Holder.invokeSpecial(java.lang.Object, java.lang.Object, int, int, java.lang.Object, java.lang.Object, java.lang.Object)'> (0x0000000711796db0) thrown at [./src/hotspot/share/interpreter/linkResolver.cpp, line 773]
Event: 0.561 Thread 0x000001cb7f891800 Exception <a 'java/lang/NoSuchMethodError'{0x000000071179a340}: 'java.lang.Object java.lang.invoke.DelegatingMethodHandle$Holder.reinvoke_L(java.lang.Object, int, int, java.lang.Object, java.lang.Object, java.lang.Object)'> (0x000000071179a340) thrown at [./src/hotspot/share/interpreter/linkResolver.cpp, line 773]
Event: 0.561 Thread 0x000001cb7f891800 Exception <a 'java/lang/NoSuchMethodError'{0x000000071179ef18}: 'java.lang.Object java.lang.invoke.DirectMethodHandle$Holder.invokeStatic(java.lang.Object, java.lang.Object, java.lang.Object, java.lang.Object, int)'> (0x000000071179ef18) thrown at [./src/hotspot/share/interpreter/linkResolver.cpp, line 773]
Event: 0.572 Thread 0x000001cb7f891800 Exception <a 'java/io/FileNotFoundException'{0x0000000711606598}> (0x0000000711606598) thrown at [./src/hotspot/share/prims/jni.cpp, line 615]
Event: 0.631 Thread 0x000001cb25045800 Exception <a 'java/lang/NoSuchMethodError'{0x0000000711598700}: 'void java.lang.invoke.DirectMethodHandle$Holder.invokeSpecial(java.lang.Object, java.lang.Object)'> (0x0000000711598700) thrown at [./src/hotspot/share/interpreter/linkResolver.cpp, line 773]
Event: 0.635 Thread 0x000001cb7f891800 Exception <a 'java/lang/NoSuchMethodError'{0x00000007115e3a88}: 'java.lang.Object java.lang.invoke.DirectMethodHandle$Holder.invokeStatic(java.lang.Object, java.lang.Object, java.lang.Object, java.lang.Object, java.lang.Object, java.lang.Object, java.lang.Object, java.lang.Object, int)'> (0x00000007115e3a88) thrown at [./src/hotspot/share/interpreter/linkResolver.cpp, line 773]
Event: 0.638 Thread 0x000001cb7f891800 Exception <a 'java/lang/NoSuchMethodError'{0x00000007115fe850}: 'java.lang.Object java.lang.invoke.DirectMethodHandle$Holder.invokeStatic(java.lang.Object, java.lang.Object, java.lang.Object, java.lang.Object, java.lang.Object, java.lang.Object, java.lang.Object, java.lang.Object, int, int)'> (0x00000007115fe850) thrown at [./src/hotspot/share/interpreter/linkResolver.cpp, line 773]
Event: 0.685 Thread 0x000001cb7f891800 Exception <a 'java/lang/NoSuchMethodError'{0x00000007113a6710}: 'java.lang.Object java.lang.invoke.DirectMethodHandle$Holder.invokeStatic(java.lang.Object, int, java.lang.Object, java.lang.Object, java.lang.Object, java.lang.Object)'> (0x00000007113a6710) thrown at [./src/hotspot/share/interpreter/linkResolver.cpp, line 773]
Event: 0.685 Thread 0x000001cb7f891800 Exception <a 'java/lang/NoSuchMethodError'{0x00000007113ad7d0}: 'java.lang.Object java.lang.invoke.DirectMethodHandle$Holder.invokeStatic(java.lang.Object, int, java.lang.Object, java.lang.Object, java.lang.Object)'> (0x00000007113ad7d0) thrown at [./src/hotspot/share/interpreter/linkResolver.cpp, line 773]
Event: 0.686 Thread 0x000001cb7f891800 Exception <a 'java/lang/NoSuchMethodError'{0x00000007113b1318}: 'java.lang.Object java.lang.invoke.DirectMethodHandle$Holder.invokeSpecial(java.lang.Object, java.lang.Object, int, java.lang.Object, java.lang.Object, java.lang.Object)'> (0x00000007113b1318) thrown at [./src/hotspot/share/interpreter/linkResolver.cpp, line 773]
Event: 0.688 Thread 0x000001cb7f891800 Exception <a 'java/lang/NoSuchMethodError'{0x00000007113c9258}: 'java.lang.Object java.lang.invoke.DirectMethodHandle$Holder.invokeStatic(java.lang.Object, int, java.lang.Object)'> (0x00000007113c9258) thrown at [./src/hotspot/share/interpreter/linkResolver.cpp, line 773]
Event: 0.722 Thread 0x000001cb7f891800 Exception <a 'java/lang/ClassNotFoundException'{0x00000007112833a0}: com/sun/swing/internal/plaf/metal/resources/spi/metalProvider> (0x00000007112833a0) thrown at [./src/hotspot/share/classfile/systemDictionary.cpp, line 231]
Event: 0.723 Thread 0x000001cb7f891800 Exception <a 'java/lang/ClassNotFoundException'{0x000000071128b720}: com/sun/swing/internal/plaf/basic/resources/spi/basicProvider> (0x000000071128b720) thrown at [./src/hotspot/share/classfile/systemDictionary.cpp, line 231]
Event: 0.900 Thread 0x000001cb7f891800 Exception <a 'java/lang/NoSuchMethodError'{0x0000000711b3b530}: 'void java.lang.invoke.DirectMethodHandle$Holder.invokeStaticInit(java.lang.Object)'> (0x0000000711b3b530) thrown at [./src/hotspot/share/interpreter/linkResolver.cpp, line 773]
Event: 0.910 Thread 0x000001cb7f891800 Exception <a 'java/io/FileNotFoundException'{0x0000000711b7ac78}> (0x0000000711b7ac78) thrown at [./src/hotspot/share/prims/jni.cpp, line 615]
Event: 0.910 Thread 0x000001cb7f891800 Exception <a 'java/lang/NullPointerException'{0x0000000711b7b568}> (0x0000000711b7b568) thrown at [./src/hotspot/share/interpreter/linkResolver.cpp, line 1358]
Event: 0.946 Thread 0x000001cb7f891800 Exception <a 'java/lang/NoSuchMethodError'{0x0000000711ad4ac8}: 'java.lang.Object java.lang.invoke.DirectMethodHandle$Holder.invokeStatic(java.lang.Object, java.lang.Object, java.lang.Object, java.lang.Object, java.lang.Object, java.lang.Object, java.lang.Object, java.lang.Object, java.lang.Object, java.lang.Object, java.lang.Object, int)'> (0x0000000711ad4ac8) thrown at [./src/hotspot/share/interpreter/linkResolver.cpp, line 773]
Event: 0.953 Thread 0x000001cb7f891800 Exception <a 'java/lang/NoSuchMethodError'{0x0000000711af3da0}: 'java.lang.Object java.lang.invoke.DirectMethodHandle$Holder.invokeStatic(java.lang.Object, java.lang.Object, java.lang.Object, java.lang.Object, java.lang.Object, java.lang.Object, java.lang.Object, java.lang.Object, java.lang.Object, java.lang.Object, java.lang.Object, int, int)'> (0x0000000711af3da0) thrown at [./src/hotspot/share/interpreter/linkResolver.cpp, line 773]
Event: 0.956 Thread 0x000001cb7f891800 Exception <a 'java/lang/NoSuchMethodError'{0x0000000711914358}: 'java.lang.Object java.lang.invoke.DirectMethodHandle$Holder.invokeStatic(java.lang.Object, java.lang.Object, java.lang.Object, java.lang.Object, java.lang.Object, java.lang.Object, java.lang.Object, java.lang.Object, java.lang.Object, java.lang.Object, java.lang.Object, int, int, java.lang.Object)'> (0x0000000711914358) thrown at [./src/hotspot/share/interpreter/linkResolver.cpp, line 773]
Event: 0.958 Thread 0x000001cb7f891800 Exception <a 'java/lang/NoSuchMethodError'{0x00000007119203b0}: 'java.lang.Object java.lang.invoke.Invokers$Holder.linkToTargetMethod(java.lang.Object, int, java.lang.Object)'> (0x00000007119203b0) thrown at [./src/hotspot/share/interpreter/linkResolver.cpp, line 773]

Events (20 events):
Event: 0.941 loading class sun/awt/windows/WDefaultFontCharset$Encoder
Event: 0.941 loading class sun/awt/AWTCharset$Encoder
Event: 0.941 loading class sun/awt/AWTCharset$Encoder done
Event: 0.941 loading class sun/awt/windows/WDefaultFontCharset$Encoder done
Event: 0.941 loading class sun/nio/cs/SingleByte$Encoder
Event: 0.941 loading class sun/nio/cs/SingleByte$Encoder done
Event: 0.942 loading class sun/awt/windows/WingDings
Event: 0.942 loading class sun/awt/windows/WingDings done
Event: 0.942 loading class sun/awt/windows/WingDings$Encoder
Event: 0.942 loading class sun/awt/windows/WingDings$Encoder done
Event: 0.942 loading class sun/awt/Symbol
Event: 0.942 loading class sun/awt/Symbol done
Event: 0.942 loading class sun/awt/Symbol$Encoder
Event: 0.942 loading class sun/awt/Symbol$Encoder done
Event: 0.945 loading class java/lang/invoke/BoundMethodHandle$Species_LLLLLLLLI
Event: 0.945 loading class java/lang/invoke/BoundMethodHandle$Species_LLLLLLLLI done
Event: 0.951 loading class java/lang/invoke/BoundMethodHandle$Species_LLLLLLLLII
Event: 0.951 loading class java/lang/invoke/BoundMethodHandle$Species_LLLLLLLLII done
Event: 0.954 loading class java/lang/invoke/BoundMethodHandle$Species_LLLLLLLLIIL
Event: 0.954 loading class java/lang/invoke/BoundMethodHandle$Species_LLLLLLLLIIL done


Dynamic libraries:
0x00007ff72f4e0000 - 0x00007ff72f4ed000 	C:\Program Files\AdoptOpenJDK\jdk-11.0.7.10-hotspot\bin\javaw.exe
0x00007ffdcaca0000 - 0x00007ffdcae90000 	C:\WINDOWS\SYSTEM32\ntdll.dll
0x00007ffd83150000 - 0x00007ffd83163000 	C:\Program Files\AVAST Software\Avast\aswhook.dll
0x00007ffdc9b50000 - 0x00007ffdc9c02000 	C:\WINDOWS\System32\KERNEL32.DLL
0x00007ffdc81e0000 - 0x00007ffdc8484000 	C:\WINDOWS\System32\KERNELBASE.dll
0x00007ffdc7ef0000 - 0x00007ffdc7fea000 	C:\WINDOWS\System32\ucrtbase.dll
0x00007ffdbef60000 - 0x00007ffdbef77000 	C:\Program Files\AdoptOpenJDK\jdk-11.0.7.10-hotspot\bin\jli.dll
0x00007ffdca880000 - 0x00007ffdcaa14000 	C:\WINDOWS\System32\USER32.dll
0x00007ffdc7ff0000 - 0x00007ffdc8011000 	C:\WINDOWS\System32\win32u.dll
0x00007ffdcabb0000 - 0x00007ffdcabd6000 	C:\WINDOWS\System32\GDI32.dll
0x00007ffdc8020000 - 0x00007ffdc81b6000 	C:\WINDOWS\System32\gdi32full.dll
0x00007ffdc8520000 - 0x00007ffdc85be000 	C:\WINDOWS\System32\msvcp_win.dll
0x00007ffdb7d60000 - 0x00007ffdb7d75000 	C:\Program Files\AdoptOpenJDK\jdk-11.0.7.10-hotspot\bin\VCRUNTIME140.dll
0x00007ffdb9830000 - 0x00007ffdb9ab4000 	C:\WINDOWS\WinSxS\amd64_microsoft.windows.common-controls_6595b64144ccf1df_6.0.18362.959_none_e6c7bbbf130c62bb\COMCTL32.dll
0x00007ffdca700000 - 0x00007ffdca79e000 	C:\WINDOWS\System32\msvcrt.dll
0x00007ffdc9ee0000 - 0x00007ffdca215000 	C:\WINDOWS\System32\combase.dll
0x00007ffdc9dc0000 - 0x00007ffdc9ee0000 	C:\WINDOWS\System32\RPCRT4.dll
0x00007ffdc7c20000 - 0x00007ffdc7ca0000 	C:\WINDOWS\System32\bcryptPrimitives.dll
0x00007ffdca850000 - 0x00007ffdca87e000 	C:\WINDOWS\System32\IMM32.DLL
0x00007ffdb1460000 - 0x00007ffdb14fb000 	C:\Program Files\AdoptOpenJDK\jdk-11.0.7.10-hotspot\bin\msvcp140.dll
0x00007ffd4bdd0000 - 0x00007ffd4c88c000 	C:\Program Files\AdoptOpenJDK\jdk-11.0.7.10-hotspot\bin\server\jvm.dll
0x00007ffdc9720000 - 0x00007ffdc97c3000 	C:\WINDOWS\System32\ADVAPI32.dll
0x00007ffdc9ab0000 - 0x00007ffdc9b47000 	C:\WINDOWS\System32\sechost.dll
0x00007ffdc9690000 - 0x00007ffdc9698000 	C:\WINDOWS\System32\PSAPI.DLL
0x00007ffdb6fd0000 - 0x00007ffdb6fd9000 	C:\WINDOWS\SYSTEM32\WSOCK32.dll
0x00007ffdc9c10000 - 0x00007ffdc9c7f000 	C:\WINDOWS\System32\WS2_32.dll
0x00007ffdc5ab0000 - 0x00007ffdc5ad4000 	C:\WINDOWS\SYSTEM32\WINMM.dll
0x00007ffdc0d30000 - 0x00007ffdc0d3a000 	C:\WINDOWS\SYSTEM32\VERSION.dll
0x00007ffdc5710000 - 0x00007ffdc573d000 	C:\WINDOWS\SYSTEM32\WINMMBASE.dll
0x00007ffdc7ca0000 - 0x00007ffdc7cea000 	C:\WINDOWS\System32\cfgmgr32.dll
0x00007ffdc7bb0000 - 0x00007ffdc7bc1000 	C:\WINDOWS\System32\kernel.appcore.dll
0x00007ffdb61d0000 - 0x00007ffdb61e0000 	C:\Program Files\AdoptOpenJDK\jdk-11.0.7.10-hotspot\bin\verify.dll
0x00007ffdbf180000 - 0x00007ffdbf374000 	C:\WINDOWS\SYSTEM32\DBGHELP.DLL
0x00007ffdbf150000 - 0x00007ffdbf17a000 	C:\WINDOWS\SYSTEM32\dbgcore.DLL
0x00007ffdb2df0000 - 0x00007ffdb2e18000 	C:\Program Files\AdoptOpenJDK\jdk-11.0.7.10-hotspot\bin\java.dll
0x00007ffdb6210000 - 0x00007ffdb6248000 	C:\Program Files\AdoptOpenJDK\jdk-11.0.7.10-hotspot\bin\jdwp.dll
0x00007ffdc5c20000 - 0x00007ffdc5c2e000 	C:\Program Files\AdoptOpenJDK\jdk-11.0.7.10-hotspot\bin\instrument.dll
0x00007ffdb2750000 - 0x00007ffdb2766000 	C:\Program Files\AdoptOpenJDK\jdk-11.0.7.10-hotspot\bin\zip.dll
0x00007ffdb2740000 - 0x00007ffdb274a000 	C:\Program Files\AdoptOpenJDK\jdk-11.0.7.10-hotspot\bin\jimage.dll
0x00007ffdc8d50000 - 0x00007ffdc9436000 	C:\WINDOWS\System32\SHELL32.dll
0x00007ffdcaa20000 - 0x00007ffdcaac9000 	C:\WINDOWS\System32\shcore.dll
0x00007ffdc85c0000 - 0x00007ffdc8d42000 	C:\WINDOWS\System32\windows.storage.dll
0x00007ffdc7b80000 - 0x00007ffdc7ba3000 	C:\WINDOWS\System32\profapi.dll
0x00007ffdc7bd0000 - 0x00007ffdc7c1a000 	C:\WINDOWS\System32\powrprof.dll
0x00007ffdc7b50000 - 0x00007ffdc7b60000 	C:\WINDOWS\System32\UMPDC.dll
0x00007ffdca6a0000 - 0x00007ffdca6f2000 	C:\WINDOWS\System32\shlwapi.dll
0x00007ffdc81c0000 - 0x00007ffdc81d7000 	C:\WINDOWS\System32\cryptsp.dll
0x00007ffdbe760000 - 0x00007ffdbe76a000 	C:\Program Files\AdoptOpenJDK\jdk-11.0.7.10-hotspot\bin\dt_socket.dll
0x00007ffdc7360000 - 0x00007ffdc73c7000 	C:\WINDOWS\System32\mswsock.dll
0x00007ffdc70b0000 - 0x00007ffdc717b000 	C:\WINDOWS\SYSTEM32\DNSAPI.dll
0x00007ffdcaad0000 - 0x00007ffdcaad8000 	C:\WINDOWS\System32\NSI.dll
0x00007ffdc7070000 - 0x00007ffdc70aa000 	C:\WINDOWS\SYSTEM32\IPHLPAPI.DLL
0x00007ffdc0880000 - 0x00007ffdc08f7000 	C:\WINDOWS\System32\fwpuclnt.dll
0x00007ffdc8490000 - 0x00007ffdc84b6000 	C:\WINDOWS\System32\bcrypt.dll
0x00007ffdbe3e0000 - 0x00007ffdbe3ea000 	C:\Windows\System32\rasadhlp.dll
0x00007ffdb0f50000 - 0x00007ffdb0f69000 	C:\Program Files\AdoptOpenJDK\jdk-11.0.7.10-hotspot\bin\net.dll
0x00007ffdbc170000 - 0x00007ffdbc260000 	C:\WINDOWS\SYSTEM32\WINHTTP.dll
0x00007ffdb0f30000 - 0x00007ffdb0f42000 	C:\Program Files\AdoptOpenJDK\jdk-11.0.7.10-hotspot\bin\nio.dll
0x00007ffda38c0000 - 0x00007ffda3a59000 	C:\Program Files\AdoptOpenJDK\jdk-11.0.7.10-hotspot\bin\awt.dll
0x00007ffdcaae0000 - 0x00007ffdcaba5000 	C:\WINDOWS\System32\OLEAUT32.dll
0x00007ffdc5ce0000 - 0x00007ffdc5d6f000 	C:\WINDOWS\SYSTEM32\apphelp.dll
0x00007ffdc62f0000 - 0x00007ffdc631d000 	C:\WINDOWS\system32\DWMAPI.DLL
0x00007ffdc5ec0000 - 0x00007ffdc5f59000 	C:\WINDOWS\system32\uxtheme.dll
0x00007ffd81270000 - 0x00007ffd813c6000 	C:\WINDOWS\system32\opengl32.dll
0x00007ffd814a0000 - 0x00007ffd814cc000 	C:\WINDOWS\SYSTEM32\GLU32.dll
0x00007ffdc67c0000 - 0x00007ffdc67e0000 	C:\WINDOWS\SYSTEM32\dxcore.dll
0x00007ffdc9c80000 - 0x00007ffdc9db5000 	C:\WINDOWS\System32\MSCTF.dll
0x00007ffdc9530000 - 0x00007ffdc9687000 	C:\WINDOWS\System32\ole32.dll
0x00007ffdb13d0000 - 0x00007ffdb1452000 	C:\Program Files\AdoptOpenJDK\jdk-11.0.7.10-hotspot\bin\freetype.dll
0x00007ffdb0c90000 - 0x00007ffdb0d36000 	C:\Program Files\AdoptOpenJDK\jdk-11.0.7.10-hotspot\bin\fontmanager.dll

dbghelp: loaded successfully - version: 4.0.5 - missing functions: none
symbol engine: initialized successfully - sym options: 0x614 - pdb path: .;C:\Program Files\AdoptOpenJDK\jdk-11.0.7.10-hotspot\bin;C:\WINDOWS\SYSTEM32;C:\Program Files\AVAST Software\Avast;C:\WINDOWS\WinSxS\amd64_microsoft.windows.common-controls_6595b64144ccf1df_6.0.18362.959_none_e6c7bbbf130c62bb;C:\Program Files\AdoptOpenJDK\jdk-11.0.7.10-hotspot\bin\server

VM Arguments:
jvm_args: -agentlib:jdwp=transport=dt_socket,suspend=y,address=localhost:50675 -javaagent:C:\eclipse\configuration\org.eclipse.osgi\222\0\.cp\lib\javaagent-shaded.jar -Dfile.encoding=UTF-8 
java_command: project.Main
java_class_path (initial): C:\Users\BiLL\eclipse-workspace\Day11\bin
Launcher Type: SUN_STANDARD

[Global flags]
     intx CICompilerCount                          = 3                                         {product} {ergonomic}
     uint ConcGCThreads                            = 1                                         {product} {ergonomic}
     uint G1ConcRefinementThreads                  = 4                                         {product} {ergonomic}
   size_t G1HeapRegionSize                         = 1048576                                   {product} {ergonomic}
    uintx GCDrainStackTargetSize                   = 64                                        {product} {ergonomic}
   size_t InitialHeapSize                          = 268435456                                 {product} {ergonomic}
   size_t MarkStackSize                            = 4194304                                   {product} {ergonomic}
   size_t MaxHeapSize                              = 4263510016                                {product} {ergonomic}
   size_t MaxNewSize                               = 2557476864                                {product} {ergonomic}
   size_t MinHeapDeltaBytes                        = 1048576                                   {product} {ergonomic}
    uintx NonNMethodCodeHeapSize                   = 5830732                                {pd product} {ergonomic}
    uintx NonProfiledCodeHeapSize                  = 122913754                              {pd product} {ergonomic}
    uintx ProfiledCodeHeapSize                     = 122913754                              {pd product} {ergonomic}
    uintx ReservedCodeCacheSize                    = 251658240                              {pd product} {ergonomic}
     bool SegmentedCodeCache                       = true                                      {product} {ergonomic}
     bool UseCompressedClassPointers               = true                                 {lp64_product} {ergonomic}
     bool UseCompressedOops                        = true                                 {lp64_product} {ergonomic}
     bool UseG1GC                                  = true                                      {product} {ergonomic}
     bool UseLargePagesIndividualAllocation        = false                                  {pd product} {ergonomic}

Logging:
Log output configuration:
 #0: stdout all=warning uptime,level,tags
 #1: stderr all=off uptime,level,tags

Environment Variables:
PATH=C:/Program Files/AdoptOpenJDK/jdk-11.0.7.10-hotspot/bin/client;C:/Program Files/AdoptOpenJDK/jdk-11.0.7.10-hotspot/bin;C:\Program Files\AdoptOpenJDK\jdk-11.0.7.10-hotspot\bin;C:\Program Files\NVIDIA GPU Computing Toolkit\CUDA\v10.1\bin;C:\Program Files\NVIDIA GPU Computing Toolkit\CUDA\v10.1\libnvvp;C:\WINDOWS\system32;C:\WINDOWS;C:\WINDOWS\System32\Wbem;C:\WINDOWS\System32\WindowsPowerShell\v1.0\;C:\WINDOWS\System32\OpenSSH\;C:\Program Files\Git\cmd;C:\Program Files\Git\mingw64\bin;C:\Program Files\Git\usr\bin;C:\Program Files\NVIDIA Corporation\Nsight Compute 2019.1\;C:\Program Files (x86)\NVIDIA Corporation\PhysX\Common;C:\Program Files\NVIDIA Corporation\NVIDIA NvDLISR;C:\Program Files\MATLAB\R2018a\runtime\win64;C:\Program Files\MATLAB\R2018a\bin;C:\Program Files\dotnet\;C:\Program Files\CMake\bin;C:\WINDOWS\system32;C:\WINDOWS;C:\WINDOWS\System32\Wbem;C:\WINDOWS\System32\WindowsPowerShell\v1.0\;C:\WINDOWS\System32\OpenSSH\;C:\Program Files\Microsoft SQL Server\Client SDK\ODBC\170\Tools\Binn\;C:\Program Files (x86)\Microsoft SQL Server\150\Tools\Binn\;C:\Program Files\Microsoft SQL Server\150\Tools\Binn\;C:\Program Files\Microsoft SQL Server\150\DTS\Binn\;C:\Program Files (x86)\Microsoft SQL Server\150\DTS\Binn\;C:\Program Files\Microsoft SQL Server\130\Tools\Binn\;C:\Program Files\Microsoft VS Code\bin;C:\Users\BiLL\anaconda3;C:\Users\BiLL\anaconda3\Library\mingw-w64\bin;C:\Users\BiLL\anaconda3\Library\usr\bin;C:\Users\BiLL\anaconda3\Library\bin;C:\Users\BiLL\anaconda3\Scripts;C:\Users\BiLL\AppData\Local\Microsoft\WindowsApps;C:\texlive\2017\bin\win32;C:\Users\BiLL\AppData\Local\Microsoft\WindowsApps;C:\Users\BiLL\.dotnet\tools;C:\eclipse;
USERNAME=BiLL
OS=Windows_NT
PROCESSOR_IDENTIFIER=Intel64 Family 6 Model 58 Stepping 9, GenuineIntel



---------------  S Y S T E M  ---------------

OS: Windows 10 , 64 bit Build 18362 (10.0.18362.959)
OS uptime: 12 days 15:40 hours

CPU:total 4 (initial active 4) (4 cores per cpu, 1 threads per core) family 6 model 58 stepping 9, cmov, cx8, fxsr, mmx, sse, sse2, sse3, ssse3, sse4.1, sse4.2, popcnt, avx, aes, clmul, erms, tsc, tscinvbit, tscinv

Memory: 4k page, system-wide physical 16257M (6636M free)
TotalPageFile size 22145M (AvailPageFile size 9400M)
current process WorkingSet (physical memory assigned to process): 88M, peak: 92M
current process commit charge ("private bytes"): 360M, peak: 363M

vm_info: OpenJDK 64-Bit Server VM (11.0.7+10) for windows-amd64 JRE (11.0.7+10), built on Apr 15 2020 10:35:51 by "" with MS VC++ 15.9 (VS2017)

END.
